<?xml version="1.0" encoding="UTF-8"?>
<coverage generated="1738515572903" clover="3.2.0">
  <project timestamp="1738515572903" name="All files">
    <metrics statements="113" coveredstatements="102" conditionals="28" coveredconditionals="23" methods="20" coveredmethods="13" elements="161" coveredelements="138" complexity="0" loc="113" ncloc="113" packages="1" files="1" classes="1"/>
    <file name="script.js" path="/Users/fever/Desktop/LIDR/AI4Devs-stopwatch-fever/stopwatch-rgc/script.js">
      <metrics statements="113" coveredstatements="102" conditionals="28" coveredconditionals="23" methods="20" coveredmethods="13"/>
      <line num="1" count="20" type="stmt"/>
      <line num="2" count="20" type="stmt"/>
      <line num="3" count="20" type="stmt"/>
      <line num="4" count="20" type="stmt"/>
      <line num="5" count="20" type="stmt"/>
      <line num="6" count="20" type="stmt"/>
      <line num="7" count="20" type="stmt"/>
      <line num="8" count="20" type="stmt"/>
      <line num="9" count="20" type="stmt"/>
      <line num="10" count="20" type="stmt"/>
      <line num="11" count="20" type="stmt"/>
      <line num="13" count="20" type="stmt"/>
      <line num="14" count="20" type="stmt"/>
      <line num="15" count="20" type="stmt"/>
      <line num="16" count="20" type="stmt"/>
      <line num="17" count="20" type="stmt"/>
      <line num="23" count="19" type="stmt"/>
      <line num="24" count="19" type="stmt"/>
      <line num="25" count="19" type="stmt"/>
      <line num="26" count="19" type="stmt"/>
      <line num="27" count="19" type="cond" truecount="2" falsecount="0"/>
      <line num="28" count="10" type="stmt"/>
      <line num="29" count="10" type="stmt"/>
      <line num="30" count="10" type="stmt"/>
      <line num="32" count="9" type="stmt"/>
      <line num="34" count="19" type="stmt"/>
      <line num="35" count="19" type="stmt"/>
      <line num="39" count="51" type="stmt"/>
      <line num="40" count="51" type="stmt"/>
      <line num="41" count="51" type="stmt"/>
      <line num="42" count="51" type="stmt"/>
      <line num="43" count="51" type="stmt"/>
      <line num="47" count="44" type="cond" truecount="2" falsecount="0"/>
      <line num="48" count="7" type="stmt"/>
      <line num="49" count="7" type="stmt"/>
      <line num="50" count="7" type="stmt"/>
      <line num="51" count="37" type="cond" truecount="2" falsecount="0"/>
      <line num="52" count="2" type="stmt"/>
      <line num="53" count="2" type="stmt"/>
      <line num="55" count="35" type="stmt"/>
      <line num="56" count="35" type="stmt"/>
      <line num="62" count="0" type="stmt"/>
      <line num="63" count="0" type="cond" truecount="0" falsecount="2"/>
      <line num="64" count="0" type="stmt"/>
      <line num="65" count="0" type="stmt"/>
      <line num="66" count="0" type="stmt"/>
      <line num="71" count="1130" type="cond" truecount="2" falsecount="0"/>
      <line num="72" count="881" type="stmt"/>
      <line num="74" count="249" type="stmt"/>
      <line num="75" count="249" type="cond" truecount="2" falsecount="0"/>
      <line num="76" count="199" type="stmt"/>
      <line num="80" count="1130" type="stmt"/>
      <line num="81" count="1130" type="stmt"/>
      <line num="82" count="1130" type="stmt"/>
      <line num="83" count="1130" type="stmt"/>
      <line num="85" count="1130" type="stmt"/>
      <line num="86" count="1130" type="stmt"/>
      <line num="90" count="13" type="cond" truecount="2" falsecount="0"/>
      <line num="91" count="10" type="stmt"/>
      <line num="92" count="10" type="stmt"/>
      <line num="93" count="10" type="stmt"/>
      <line num="94" count="10" type="cond" truecount="2" falsecount="0"/>
      <line num="95" count="6" type="stmt"/>
      <line num="97" count="4" type="stmt"/>
      <line num="99" count="10" type="stmt"/>
      <line num="100" count="1020" type="stmt"/>
      <line num="101" count="1020" type="cond" truecount="2" falsecount="0"/>
      <line num="102" count="820" type="stmt"/>
      <line num="104" count="200" type="stmt"/>
      <line num="105" count="200" type="stmt"/>
      <line num="106" count="200" type="cond" truecount="2" falsecount="0"/>
      <line num="107" count="1" type="stmt"/>
      <line num="108" count="1" type="stmt"/>
      <line num="111" count="1019" type="stmt"/>
      <line num="114" count="3" type="stmt"/>
      <line num="115" count="3" type="stmt"/>
      <line num="116" count="3" type="stmt"/>
      <line num="121" count="20" type="stmt"/>
      <line num="122" count="170" type="stmt"/>
      <line num="125" count="20" type="stmt"/>
      <line num="126" count="20" type="stmt"/>
      <line num="129" count="21" type="stmt"/>
      <line num="130" count="21" type="cond" truecount="2" falsecount="0"/>
      <line num="131" count="18" type="stmt"/>
      <line num="133" count="3" type="stmt"/>
      <line num="134" count="3" type="stmt"/>
      <line num="135" count="3" type="stmt"/>
      <line num="136" count="3" type="stmt"/>
      <line num="138" count="21" type="stmt"/>
      <line num="139" count="21" type="stmt"/>
      <line num="140" count="21" type="stmt"/>
      <line num="144" count="0" type="stmt"/>
      <line num="145" count="0" type="stmt"/>
      <line num="146" count="0" type="stmt"/>
      <line num="147" count="0" type="cond" truecount="0" falsecount="2"/>
      <line num="148" count="0" type="stmt"/>
      <line num="149" count="0" type="stmt"/>
      <line num="154" count="20" type="stmt"/>
      <line num="155" count="20" type="stmt"/>
      <line num="156" count="20" type="stmt"/>
      <line num="157" count="20" type="stmt"/>
      <line num="158" count="20" type="stmt"/>
      <line num="161" count="20" type="stmt"/>
      <line num="162" count="20" type="stmt"/>
      <line num="163" count="20" type="stmt"/>
      <line num="166" count="20" type="stmt"/>
      <line num="169" count="20" type="cond" truecount="3" falsecount="1"/>
      <line num="170" count="20" type="stmt"/>
      <line num="181" count="6" type="stmt"/>
      <line num="182" count="3" type="stmt"/>
      <line num="183" count="9" type="stmt"/>
      <line num="184" count="2" type="stmt"/>
      <line num="185" count="2" type="stmt"/>
    </file>
  </project>
</coverage>
