{"/Users/fever/Desktop/LIDR/AI4Devs-stopwatch-fever/stopwatch-rgc/script.js": {"path":"/Users/fever/Desktop/LIDR/AI4Devs-stopwatch-fever/stopwatch-rgc/script.js","statementMap":{"0":{"start":{"line":1,"column":20},"end":{"line":1,"column":61}},"1":{"start":{"line":2,"column":21},"end":{"line":2,"column":63}},"2":{"start":{"line":3,"column":19},"end":{"line":3,"column":51}},"3":{"start":{"line":4,"column":26},"end":{"line":4,"column":65}},"4":{"start":{"line":5,"column":15},"end":{"line":5,"column":50}},"5":{"start":{"line":6,"column":15},"end":{"line":6,"column":50}},"6":{"start":{"line":7,"column":14},"end":{"line":7,"column":48}},"7":{"start":{"line":8,"column":19},"end":{"line":8,"column":58}},"8":{"start":{"line":9,"column":19},"end":{"line":9,"column":58}},"9":{"start":{"line":10,"column":13},"end":{"line":10,"column":46}},"10":{"start":{"line":11,"column":16},"end":{"line":11,"column":24}},"11":{"start":{"line":13,"column":18},"end":{"line":13,"column":19}},"12":{"start":{"line":14,"column":14},"end":{"line":14,"column":18}},"13":{"start":{"line":15,"column":16},"end":{"line":15,"column":21}},"14":{"start":{"line":16,"column":22},"end":{"line":16,"column":26}},"15":{"start":{"line":17,"column":24},"end":{"line":17,"column":25}},"16":{"start":{"line":23,"column":4},"end":{"line":23,"column":17}},"17":{"start":{"line":24,"column":4},"end":{"line":24,"column":43}},"18":{"start":{"line":25,"column":4},"end":{"line":25,"column":42}},"19":{"start":{"line":26,"column":4},"end":{"line":26,"column":46}},"20":{"start":{"line":27,"column":4},"end":{"line":33,"column":5}},"21":{"start":{"line":28,"column":8},"end":{"line":28,"column":42}},"22":{"start":{"line":29,"column":8},"end":{"line":29,"column":29}},"23":{"start":{"line":30,"column":8},"end":{"line":30,"column":30}},"24":{"start":{"line":32,"column":8},"end":{"line":32,"column":39}},"25":{"start":{"line":34,"column":4},"end":{"line":34,"column":20}},"26":{"start":{"line":35,"column":4},"end":{"line":35,"column":20}},"27":{"start":{"line":39,"column":18},"end":{"line":39,"column":53}},"28":{"start":{"line":40,"column":20},"end":{"line":40,"column":55}},"29":{"start":{"line":41,"column":20},"end":{"line":41,"column":55}},"30":{"start":{"line":42,"column":4},"end":{"line":42,"column":71}},"31":{"start":{"line":43,"column":4},"end":{"line":43,"column":20}},"32":{"start":{"line":47,"column":4},"end":{"line":57,"column":5}},"33":{"start":{"line":48,"column":8},"end":{"line":48,"column":35}},"34":{"start":{"line":49,"column":8},"end":{"line":49,"column":39}},"35":{"start":{"line":50,"column":8},"end":{"line":50,"column":40}},"36":{"start":{"line":51,"column":11},"end":{"line":57,"column":5}},"37":{"start":{"line":52,"column":8},"end":{"line":52,"column":29}},"38":{"start":{"line":53,"column":8},"end":{"line":53,"column":35}},"39":{"start":{"line":55,"column":8},"end":{"line":55,"column":51}},"40":{"start":{"line":56,"column":8},"end":{"line":56,"column":35}},"41":{"start":{"line":62,"column":4},"end":{"line":62,"column":27}},"42":{"start":{"line":63,"column":4},"end":{"line":63,"column":58}},"43":{"start":{"line":64,"column":4},"end":{"line":64,"column":22}},"44":{"start":{"line":65,"column":4},"end":{"line":65,"column":38}},"45":{"start":{"line":66,"column":4},"end":{"line":66,"column":20}},"46":{"start":{"line":71,"column":4},"end":{"line":78,"column":5}},"47":{"start":{"line":72,"column":8},"end":{"line":72,"column":40}},"48":{"start":{"line":74,"column":8},"end":{"line":74,"column":46}},"49":{"start":{"line":75,"column":8},"end":{"line":77,"column":9}},"50":{"start":{"line":76,"column":12},"end":{"line":76,"column":57}},"51":{"start":{"line":80,"column":18},"end":{"line":80,"column":57}},"52":{"start":{"line":81,"column":20},"end":{"line":81,"column":69}},"53":{"start":{"line":82,"column":20},"end":{"line":82,"column":66}},"54":{"start":{"line":83,"column":25},"end":{"line":83,"column":49}},"55":{"start":{"line":85,"column":4},"end":{"line":85,"column":139}},"56":{"start":{"line":86,"column":4},"end":{"line":86,"column":76}},"57":{"start":{"line":90,"column":4},"end":{"line":117,"column":5}},"58":{"start":{"line":91,"column":8},"end":{"line":91,"column":25}},"59":{"start":{"line":92,"column":8},"end":{"line":92,"column":41}},"60":{"start":{"line":93,"column":28},"end":{"line":93,"column":38}},"61":{"start":{"line":94,"column":8},"end":{"line":98,"column":9}},"62":{"start":{"line":95,"column":12},"end":{"line":95,"column":50}},"63":{"start":{"line":97,"column":12},"end":{"line":97,"column":72}},"64":{"start":{"line":99,"column":8},"end":{"line":112,"column":15}},"65":{"start":{"line":100,"column":24},"end":{"line":100,"column":34}},"66":{"start":{"line":101,"column":12},"end":{"line":110,"column":13}},"67":{"start":{"line":102,"column":16},"end":{"line":102,"column":46}},"68":{"start":{"line":104,"column":36},"end":{"line":104,"column":51}},"69":{"start":{"line":105,"column":16},"end":{"line":105,"column":62}},"70":{"start":{"line":106,"column":16},"end":{"line":109,"column":17}},"71":{"start":{"line":107,"column":20},"end":{"line":107,"column":33}},"72":{"start":{"line":108,"column":20},"end":{"line":108,"column":27}},"73":{"start":{"line":111,"column":12},"end":{"line":111,"column":28}},"74":{"start":{"line":114,"column":8},"end":{"line":114,"column":31}},"75":{"start":{"line":115,"column":8},"end":{"line":115,"column":26}},"76":{"start":{"line":116,"column":8},"end":{"line":116,"column":42}},"77":{"start":{"line":121,"column":0},"end":{"line":123,"column":3}},"78":{"start":{"line":122,"column":4},"end":{"line":122,"column":82}},"79":{"start":{"line":122,"column":43},"end":{"line":122,"column":80}},"80":{"start":{"line":125,"column":0},"end":{"line":125,"column":93}},"81":{"start":{"line":125,"column":67},"end":{"line":125,"column":91}},"82":{"start":{"line":126,"column":0},"end":{"line":126,"column":101}},"83":{"start":{"line":126,"column":73},"end":{"line":126,"column":99}},"84":{"start":{"line":129,"column":4},"end":{"line":129,"column":27}},"85":{"start":{"line":130,"column":4},"end":{"line":137,"column":5}},"86":{"start":{"line":131,"column":8},"end":{"line":131,"column":24}},"87":{"start":{"line":133,"column":8},"end":{"line":133,"column":29}},"88":{"start":{"line":134,"column":8},"end":{"line":134,"column":30}},"89":{"start":{"line":135,"column":8},"end":{"line":135,"column":24}},"90":{"start":{"line":136,"column":8},"end":{"line":136,"column":42}},"91":{"start":{"line":138,"column":4},"end":{"line":138,"column":22}},"92":{"start":{"line":139,"column":4},"end":{"line":139,"column":35}},"93":{"start":{"line":140,"column":4},"end":{"line":140,"column":20}},"94":{"start":{"line":144,"column":4},"end":{"line":144,"column":17}},"95":{"start":{"line":145,"column":4},"end":{"line":145,"column":43}},"96":{"start":{"line":146,"column":4},"end":{"line":146,"column":45}},"97":{"start":{"line":147,"column":4},"end":{"line":150,"column":5}},"98":{"start":{"line":148,"column":8},"end":{"line":148,"column":29}},"99":{"start":{"line":149,"column":8},"end":{"line":149,"column":30}},"100":{"start":{"line":154,"column":0},"end":{"line":154,"column":69}},"101":{"start":{"line":154,"column":45},"end":{"line":154,"column":67}},"102":{"start":{"line":155,"column":0},"end":{"line":155,"column":69}},"103":{"start":{"line":155,"column":45},"end":{"line":155,"column":67}},"104":{"start":{"line":156,"column":0},"end":{"line":156,"column":53}},"105":{"start":{"line":157,"column":0},"end":{"line":157,"column":47}},"106":{"start":{"line":158,"column":0},"end":{"line":158,"column":47}},"107":{"start":{"line":161,"column":0},"end":{"line":161,"column":39}},"108":{"start":{"line":162,"column":0},"end":{"line":162,"column":31}},"109":{"start":{"line":163,"column":0},"end":{"line":163,"column":41}},"110":{"start":{"line":166,"column":0},"end":{"line":166,"column":16}},"111":{"start":{"line":169,"column":0},"end":{"line":188,"column":1}},"112":{"start":{"line":170,"column":4},"end":{"line":187,"column":6}},"113":{"start":{"line":181,"column":30},"end":{"line":181,"column":47}},"114":{"start":{"line":182,"column":36},"end":{"line":182,"column":59}},"115":{"start":{"line":183,"column":32},"end":{"line":183,"column":51}},"116":{"start":{"line":184,"column":38},"end":{"line":184,"column":63}},"117":{"start":{"line":185,"column":30},"end":{"line":185,"column":47}}},"fnMap":{"0":{"name":"showTimer","decl":{"start":{"line":22,"column":9},"end":{"line":22,"column":18}},"loc":{"start":{"line":22,"column":25},"end":{"line":36,"column":1}},"line":22},"1":{"name":"updateCountdownFromInput","decl":{"start":{"line":38,"column":9},"end":{"line":38,"column":33}},"loc":{"start":{"line":38,"column":36},"end":{"line":44,"column":1}},"line":38},"2":{"name":"handleNumpadInput","decl":{"start":{"line":46,"column":9},"end":{"line":46,"column":26}},"loc":{"start":{"line":46,"column":34},"end":{"line":58,"column":1}},"line":46},"3":{"name":"resetTimer","decl":{"start":{"line":61,"column":9},"end":{"line":61,"column":19}},"loc":{"start":{"line":61,"column":22},"end":{"line":67,"column":1}},"line":61},"4":{"name":"updateDisplay","decl":{"start":{"line":69,"column":9},"end":{"line":69,"column":22}},"loc":{"start":{"line":69,"column":25},"end":{"line":87,"column":1}},"line":69},"5":{"name":"startTimer","decl":{"start":{"line":89,"column":9},"end":{"line":89,"column":19}},"loc":{"start":{"line":89,"column":22},"end":{"line":118,"column":1}},"line":89},"6":{"name":"(anonymous_6)","decl":{"start":{"line":99,"column":30},"end":{"line":99,"column":31}},"loc":{"start":{"line":99,"column":36},"end":{"line":112,"column":9}},"line":99},"7":{"name":"(anonymous_7)","decl":{"start":{"line":121,"column":46},"end":{"line":121,"column":47}},"loc":{"start":{"line":121,"column":56},"end":{"line":123,"column":1}},"line":121},"8":{"name":"(anonymous_8)","decl":{"start":{"line":122,"column":37},"end":{"line":122,"column":38}},"loc":{"start":{"line":122,"column":43},"end":{"line":122,"column":80}},"line":122},"9":{"name":"(anonymous_9)","decl":{"start":{"line":125,"column":61},"end":{"line":125,"column":62}},"loc":{"start":{"line":125,"column":67},"end":{"line":125,"column":91}},"line":125},"10":{"name":"(anonymous_10)","decl":{"start":{"line":126,"column":67},"end":{"line":126,"column":68}},"loc":{"start":{"line":126,"column":73},"end":{"line":126,"column":99}},"line":126},"11":{"name":"clearTimer","decl":{"start":{"line":128,"column":9},"end":{"line":128,"column":19}},"loc":{"start":{"line":128,"column":22},"end":{"line":141,"column":1}},"line":128},"12":{"name":"showModeSelection","decl":{"start":{"line":143,"column":9},"end":{"line":143,"column":26}},"loc":{"start":{"line":143,"column":29},"end":{"line":151,"column":1}},"line":143},"13":{"name":"(anonymous_13)","decl":{"start":{"line":154,"column":39},"end":{"line":154,"column":40}},"loc":{"start":{"line":154,"column":45},"end":{"line":154,"column":67}},"line":154},"14":{"name":"(anonymous_14)","decl":{"start":{"line":155,"column":39},"end":{"line":155,"column":40}},"loc":{"start":{"line":155,"column":45},"end":{"line":155,"column":67}},"line":155},"15":{"name":"(anonymous_15)","decl":{"start":{"line":181,"column":12},"end":{"line":181,"column":13}},"loc":{"start":{"line":181,"column":28},"end":{"line":181,"column":49}},"line":181},"16":{"name":"(anonymous_16)","decl":{"start":{"line":182,"column":12},"end":{"line":182,"column":13}},"loc":{"start":{"line":182,"column":34},"end":{"line":182,"column":61}},"line":182},"17":{"name":"(anonymous_17)","decl":{"start":{"line":183,"column":12},"end":{"line":183,"column":13}},"loc":{"start":{"line":183,"column":30},"end":{"line":183,"column":53}},"line":183},"18":{"name":"(anonymous_18)","decl":{"start":{"line":184,"column":12},"end":{"line":184,"column":13}},"loc":{"start":{"line":184,"column":36},"end":{"line":184,"column":65}},"line":184},"19":{"name":"(anonymous_19)","decl":{"start":{"line":185,"column":12},"end":{"line":185,"column":13}},"loc":{"start":{"line":185,"column":28},"end":{"line":185,"column":49}},"line":185}},"branchMap":{"0":{"loc":{"start":{"line":27,"column":4},"end":{"line":33,"column":5}},"type":"if","locations":[{"start":{"line":27,"column":4},"end":{"line":33,"column":5}},{"start":{"line":31,"column":11},"end":{"line":33,"column":5}}],"line":27},"1":{"loc":{"start":{"line":47,"column":4},"end":{"line":57,"column":5}},"type":"if","locations":[{"start":{"line":47,"column":4},"end":{"line":57,"column":5}},{"start":{"line":51,"column":11},"end":{"line":57,"column":5}}],"line":47},"2":{"loc":{"start":{"line":51,"column":11},"end":{"line":57,"column":5}},"type":"if","locations":[{"start":{"line":51,"column":11},"end":{"line":57,"column":5}},{"start":{"line":54,"column":11},"end":{"line":57,"column":5}}],"line":51},"3":{"loc":{"start":{"line":63,"column":18},"end":{"line":63,"column":57}},"type":"cond-expr","locations":[{"start":{"line":63,"column":36},"end":{"line":63,"column":37}},{"start":{"line":63,"column":40},"end":{"line":63,"column":57}}],"line":63},"4":{"loc":{"start":{"line":71,"column":4},"end":{"line":78,"column":5}},"type":"if","locations":[{"start":{"line":71,"column":4},"end":{"line":78,"column":5}},{"start":{"line":73,"column":11},"end":{"line":78,"column":5}}],"line":71},"5":{"loc":{"start":{"line":75,"column":8},"end":{"line":77,"column":9}},"type":"if","locations":[{"start":{"line":75,"column":8},"end":{"line":77,"column":9}},{"start":{},"end":{}}],"line":75},"6":{"loc":{"start":{"line":90,"column":4},"end":{"line":117,"column":5}},"type":"if","locations":[{"start":{"line":90,"column":4},"end":{"line":117,"column":5}},{"start":{"line":113,"column":11},"end":{"line":117,"column":5}}],"line":90},"7":{"loc":{"start":{"line":94,"column":8},"end":{"line":98,"column":9}},"type":"if","locations":[{"start":{"line":94,"column":8},"end":{"line":98,"column":9}},{"start":{"line":96,"column":15},"end":{"line":98,"column":9}}],"line":94},"8":{"loc":{"start":{"line":101,"column":12},"end":{"line":110,"column":13}},"type":"if","locations":[{"start":{"line":101,"column":12},"end":{"line":110,"column":13}},{"start":{"line":103,"column":19},"end":{"line":110,"column":13}}],"line":101},"9":{"loc":{"start":{"line":106,"column":16},"end":{"line":109,"column":17}},"type":"if","locations":[{"start":{"line":106,"column":16},"end":{"line":109,"column":17}},{"start":{},"end":{}}],"line":106},"10":{"loc":{"start":{"line":130,"column":4},"end":{"line":137,"column":5}},"type":"if","locations":[{"start":{"line":130,"column":4},"end":{"line":137,"column":5}},{"start":{"line":132,"column":11},"end":{"line":137,"column":5}}],"line":130},"11":{"loc":{"start":{"line":147,"column":4},"end":{"line":150,"column":5}},"type":"if","locations":[{"start":{"line":147,"column":4},"end":{"line":150,"column":5}},{"start":{},"end":{}}],"line":147},"12":{"loc":{"start":{"line":169,"column":0},"end":{"line":188,"column":1}},"type":"if","locations":[{"start":{"line":169,"column":0},"end":{"line":188,"column":1}},{"start":{},"end":{}}],"line":169},"13":{"loc":{"start":{"line":169,"column":4},"end":{"line":169,"column":51}},"type":"binary-expr","locations":[{"start":{"line":169,"column":4},"end":{"line":169,"column":33}},{"start":{"line":169,"column":37},"end":{"line":169,"column":51}}],"line":169}},"s":{"0":20,"1":20,"2":20,"3":20,"4":20,"5":20,"6":20,"7":20,"8":20,"9":20,"10":20,"11":20,"12":20,"13":20,"14":20,"15":20,"16":19,"17":19,"18":19,"19":19,"20":19,"21":10,"22":10,"23":10,"24":9,"25":19,"26":19,"27":51,"28":51,"29":51,"30":51,"31":51,"32":44,"33":7,"34":7,"35":7,"36":37,"37":2,"38":2,"39":35,"40":35,"41":0,"42":0,"43":0,"44":0,"45":0,"46":1130,"47":881,"48":249,"49":249,"50":199,"51":1130,"52":1130,"53":1130,"54":1130,"55":1130,"56":1130,"57":13,"58":10,"59":10,"60":10,"61":10,"62":6,"63":4,"64":10,"65":1020,"66":1020,"67":820,"68":200,"69":200,"70":200,"71":1,"72":1,"73":1019,"74":3,"75":3,"76":3,"77":20,"78":170,"79":0,"80":20,"81":0,"82":20,"83":0,"84":21,"85":21,"86":18,"87":3,"88":3,"89":3,"90":3,"91":21,"92":21,"93":21,"94":0,"95":0,"96":0,"97":0,"98":0,"99":0,"100":20,"101":0,"102":20,"103":0,"104":20,"105":20,"106":20,"107":20,"108":20,"109":20,"110":20,"111":20,"112":20,"113":6,"114":3,"115":9,"116":2,"117":2},"f":{"0":19,"1":51,"2":44,"3":0,"4":1130,"5":13,"6":1020,"7":170,"8":0,"9":0,"10":0,"11":21,"12":0,"13":0,"14":0,"15":6,"16":3,"17":9,"18":2,"19":2},"b":{"0":[10,9],"1":[7,37],"2":[2,35],"3":[0,0],"4":[881,249],"5":[199,50],"6":[10,3],"7":[6,4],"8":[820,200],"9":[1,199],"10":[18,3],"11":[0,0],"12":[20,0],"13":[20,20]},"_coverageSchema":"1a1c01bbd47fc00a2c39e90264f33305004495a9","hash":"7554914c73e59d6ecd3662606cdeb49c10dd4d0d"}
}
