TN:
SF:script.js
FN:22,showTimer
FN:38,updateCountdownFromInput
FN:46,handleNumpadInput
FN:61,resetTimer
FN:69,updateDisplay
FN:89,startTimer
FN:99,(anonymous_6)
FN:121,(anonymous_7)
FN:122,(anonymous_8)
FN:125,(anonymous_9)
FN:126,(anonymous_10)
FN:128,clearTimer
FN:143,showModeSelection
FN:154,(anonymous_13)
FN:155,(anonymous_14)
FN:181,(anonymous_15)
FN:182,(anonymous_16)
FN:183,(anonymous_17)
FN:184,(anonymous_18)
FN:185,(anonymous_19)
FNF:20
FNH:13
FNDA:19,showTimer
FNDA:51,updateCountdownFromInput
FNDA:44,handleNumpadInput
FNDA:0,resetTimer
FNDA:1130,updateDisplay
FNDA:13,startTimer
FNDA:1020,(anonymous_6)
FNDA:170,(anonymous_7)
FNDA:0,(anonymous_8)
FNDA:0,(anonymous_9)
FNDA:0,(anonymous_10)
FNDA:21,clearTimer
FNDA:0,showModeSelection
FNDA:0,(anonymous_13)
FNDA:0,(anonymous_14)
FNDA:6,(anonymous_15)
FNDA:3,(anonymous_16)
FNDA:9,(anonymous_17)
FNDA:2,(anonymous_18)
FNDA:2,(anonymous_19)
DA:1,20
DA:2,20
DA:3,20
DA:4,20
DA:5,20
DA:6,20
DA:7,20
DA:8,20
DA:9,20
DA:10,20
DA:11,20
DA:13,20
DA:14,20
DA:15,20
DA:16,20
DA:17,20
DA:23,19
DA:24,19
DA:25,19
DA:26,19
DA:27,19
DA:28,10
DA:29,10
DA:30,10
DA:32,9
DA:34,19
DA:35,19
DA:39,51
DA:40,51
DA:41,51
DA:42,51
DA:43,51
DA:47,44
DA:48,7
DA:49,7
DA:50,7
DA:51,37
DA:52,2
DA:53,2
DA:55,35
DA:56,35
DA:62,0
DA:63,0
DA:64,0
DA:65,0
DA:66,0
DA:71,1130
DA:72,881
DA:74,249
DA:75,249
DA:76,199
DA:80,1130
DA:81,1130
DA:82,1130
DA:83,1130
DA:85,1130
DA:86,1130
DA:90,13
DA:91,10
DA:92,10
DA:93,10
DA:94,10
DA:95,6
DA:97,4
DA:99,10
DA:100,1020
DA:101,1020
DA:102,820
DA:104,200
DA:105,200
DA:106,200
DA:107,1
DA:108,1
DA:111,1019
DA:114,3
DA:115,3
DA:116,3
DA:121,20
DA:122,170
DA:125,20
DA:126,20
DA:129,21
DA:130,21
DA:131,18
DA:133,3
DA:134,3
DA:135,3
DA:136,3
DA:138,21
DA:139,21
DA:140,21
DA:144,0
DA:145,0
DA:146,0
DA:147,0
DA:148,0
DA:149,0
DA:154,20
DA:155,20
DA:156,20
DA:157,20
DA:158,20
DA:161,20
DA:162,20
DA:163,20
DA:166,20
DA:169,20
DA:170,20
DA:181,6
DA:182,3
DA:183,9
DA:184,2
DA:185,2
LF:113
LH:102
BRDA:27,0,0,10
BRDA:27,0,1,9
BRDA:47,1,0,7
BRDA:47,1,1,37
BRDA:51,2,0,2
BRDA:51,2,1,35
BRDA:63,3,0,0
BRDA:63,3,1,0
BRDA:71,4,0,881
BRDA:71,4,1,249
BRDA:75,5,0,199
BRDA:75,5,1,50
BRDA:90,6,0,10
BRDA:90,6,1,3
BRDA:94,7,0,6
BRDA:94,7,1,4
BRDA:101,8,0,820
BRDA:101,8,1,200
BRDA:106,9,0,1
BRDA:106,9,1,199
BRDA:130,10,0,18
BRDA:130,10,1,3
BRDA:147,11,0,0
BRDA:147,11,1,0
BRDA:169,12,0,20
BRDA:169,12,1,0
BRDA:169,13,0,20
BRDA:169,13,1,20
BRF:28
BRH:23
end_of_record
